<?xml version="1.0" ?>
<coverage version="7.11.3" timestamp="1762836120019" lines-valid="7" lines-covered="6" line-rate="0.8571" branches-valid="2" branches-covered="1" branch-rate="0.5" complexity="0">
	<!-- Generated by coverage.py: https://coverage.readthedocs.io/en/7.11.3 -->
	<!-- Based on https://raw.githubusercontent.com/cobertura/web/master/htdocs/xml/coverage-04.dtd -->
	<sources>
		<source>/Users/cyoyuulin/Documents/UMass/CS520/Automated-Testing-and-Coverage/qwen_self_planning_src_up2</source>
	</sources>
	<packages>
		<package name="." line-rate="0.8571" branch-rate="0.5" complexity="0">
			<classes>
				<class name="__init__.py" filename="__init__.py" complexity="0" line-rate="1" branch-rate="1">
					<methods/>
					<lines/>
				</class>
				<class name="rounded_avg.py" filename="rounded_avg.py" complexity="0" line-rate="0.8571" branch-rate="0.5">
					<methods/>
					<lines>
						<line number="1" hits="1"/>
						<line number="2" hits="1" branch="true" condition-coverage="50% (1/2)" missing-branches="3"/>
						<line number="3" hits="0"/>
						<line number="4" hits="1"/>
						<line number="5" hits="1"/>
						<line number="6" hits="1"/>
						<line number="7" hits="1"/>
					</lines>
				</class>
			</classes>
		</package>
	</packages>
</coverage>
